<?xml version="1.0" encoding="UTF-8" standalone="no"?><testsuite errors="11" failures="0" name="Airplane Registration Form Validation" skipped="0" tests="11" time="5.85" timestamp="2024-11-20 03:11:10"><testcase name="Validate airplane type field constraints"><error message="Could not instantiate class org.openqa.selenium.chrome.ChromeDriver" type="net.thucydides.core.webdriver.DriverConfigurationError">Could not instantiate class org.openqa.selenium.chrome.ChromeDriver</error><system-err>Could not instantiate class org.openqa.selenium.chrome.ChromeDriver
co.com.udea.calidad.fabricaEscuela.stepdefinitions.AirplaneRegistrationStepDefinition.iAmConnectedToTheRegistrationPage(AirplaneRegistrationStepDefinition.java:30)
worker.org.gradle.process.internal.worker.GradleWorkerMain.run(GradleWorkerMain.java:69)
worker.org.gradle.process.internal.worker.GradleWorkerMain.main(GradleWorkerMain.java:74)
</system-err></testcase><testcase name="Validate seat capacity field constraints"><error message="Could not instantiate class org.openqa.selenium.chrome.ChromeDriver" type="net.thucydides.core.webdriver.DriverConfigurationError">Could not instantiate class org.openqa.selenium.chrome.ChromeDriver</error><system-err>Could not instantiate class org.openqa.selenium.chrome.ChromeDriver
co.com.udea.calidad.fabricaEscuela.stepdefinitions.AirplaneRegistrationStepDefinition.iAmConnectedToTheRegistrationPage(AirplaneRegistrationStepDefinition.java:30)
worker.org.gradle.process.internal.worker.GradleWorkerMain.run(GradleWorkerMain.java:69)
worker.org.gradle.process.internal.worker.GradleWorkerMain.main(GradleWorkerMain.java:74)
</system-err></testcase><testcase name="Validate seat distribution selection"><error message="Could not instantiate class org.openqa.selenium.chrome.ChromeDriver" type="net.thucydides.core.webdriver.DriverConfigurationError">Could not instantiate class org.openqa.selenium.chrome.ChromeDriver</error><system-err>Could not instantiate class org.openqa.selenium.chrome.ChromeDriver
co.com.udea.calidad.fabricaEscuela.stepdefinitions.AirplaneRegistrationStepDefinition.iAmConnectedToTheRegistrationPage(AirplaneRegistrationStepDefinition.java:30)
worker.org.gradle.process.internal.worker.GradleWorkerMain.run(GradleWorkerMain.java:69)
worker.org.gradle.process.internal.worker.GradleWorkerMain.main(GradleWorkerMain.java:74)
</system-err></testcase><testcase name="Validate airplane ID field constraints"><error message="Could not instantiate class org.openqa.selenium.chrome.ChromeDriver" type="net.thucydides.core.webdriver.DriverConfigurationError">Could not instantiate class org.openqa.selenium.chrome.ChromeDriver</error><system-err>Could not instantiate class org.openqa.selenium.chrome.ChromeDriver
co.com.udea.calidad.fabricaEscuela.stepdefinitions.AirplaneRegistrationStepDefinition.iAmConnectedToTheRegistrationPage(AirplaneRegistrationStepDefinition.java:30)
worker.org.gradle.process.internal.worker.GradleWorkerMain.run(GradleWorkerMain.java:69)
worker.org.gradle.process.internal.worker.GradleWorkerMain.main(GradleWorkerMain.java:74)
</system-err></testcase><testcase name="Successful airplane registration with valid data"><error message="Could not instantiate class org.openqa.selenium.chrome.ChromeDriver" type="net.thucydides.core.webdriver.DriverConfigurationError">Could not instantiate class org.openqa.selenium.chrome.ChromeDriver</error><system-err>Could not instantiate class org.openqa.selenium.chrome.ChromeDriver
co.com.udea.calidad.fabricaEscuela.stepdefinitions.AirplaneRegistrationStepDefinition.iAmConnectedToTheRegistrationPage(AirplaneRegistrationStepDefinition.java:30)
worker.org.gradle.process.internal.worker.GradleWorkerMain.run(GradleWorkerMain.java:69)
worker.org.gradle.process.internal.worker.GradleWorkerMain.main(GradleWorkerMain.java:74)
</system-err></testcase></testsuite>